  Source.cpp
c:\users\denis\source\repos\project2\project2\source.cpp(221): warning C4244: аргумент: преобразование "time_t" в "unsigned int", возможна потеря данных
c:\users\denis\source\repos\project2\project2\source.cpp(238): warning C4244: аргумент: преобразование "time_t" в "unsigned int", возможна потеря данных
c:\users\denis\source\repos\project2\project2\source.cpp(248): warning C4244: аргумент: преобразование "double" в "int", возможна потеря данных
c:\users\denis\source\repos\project2\project2\source.cpp(252): warning C4244: инициализация: преобразование "double" в "size_t", возможна потеря данных
c:\users\denis\source\repos\project2\project2\source.cpp(330): warning C4244: аргумент: преобразование "double" в "int", возможна потеря данных
c:\users\denis\source\repos\project2\project2\source.cpp(335): warning C4244: аргумент: преобразование "double" в "int", возможна потеря данных
c:\users\denis\source\repos\project2\project2\source.cpp(339): warning C4244: аргумент: преобразование "double" в "int", возможна потеря данных
c:\users\denis\source\repos\project2\project2\source.cpp(344): warning C4244: аргумент: преобразование "double" в "DWORD", возможна потеря данных
c:\users\denis\source\repos\project2\project2\source.cpp(351): warning C4244: аргумент: преобразование "double" в "DWORD", возможна потеря данных
c:\users\denis\source\repos\project2\project2\source.cpp(361): warning C4244: аргумент: преобразование "double" в "DWORD", возможна потеря данных
c:\users\denis\source\repos\project2\project2\source.cpp(434): warning C4244: аргумент: преобразование "double" в "int", возможна потеря данных
c:\users\denis\source\repos\project2\project2\source.cpp(499): warning C4244: аргумент: преобразование "double" в "int", возможна потеря данных
c:\users\denis\source\repos\project2\project2\source.cpp(507): warning C4244: аргумент: преобразование "double" в "int", возможна потеря данных
c:\users\denis\source\repos\project2\project2\source.cpp(508): warning C4244: аргумент: преобразование "double" в "DWORD", возможна потеря данных
c:\users\denis\source\repos\project2\project2\source.cpp(532): warning C4244: аргумент: преобразование "double" в "int", возможна потеря данных
c:\users\denis\source\repos\project2\project2\source.cpp(583): warning C4244: аргумент: преобразование "double" в "int", возможна потеря данных
c:\users\denis\source\repos\project2\project2\source.cpp(608): warning C4244: аргумент: преобразование "double" в "int", возможна потеря данных
c:\users\denis\source\repos\project2\project2\source.cpp(618): warning C4244: аргумент: преобразование "double" в "int", возможна потеря данных
c:\users\denis\source\repos\project2\project2\source.cpp(619): warning C4244: аргумент: преобразование "double" в "DWORD", возможна потеря данных
c:\users\denis\source\repos\project2\project2\source.cpp(625): warning C4244: аргумент: преобразование "time_t" в "unsigned int", возможна потеря данных
c:\users\denis\source\repos\project2\project2\source.cpp(635): warning C4244: аргумент: преобразование "double" в "int", возможна потеря данных
c:\users\denis\source\repos\project2\project2\source.cpp(639): warning C4244: инициализация: преобразование "double" в "size_t", возможна потеря данных
c:\users\denis\source\repos\project2\project2\source.cpp(708): warning C4244: аргумент: преобразование "double" в "int", возможна потеря данных
c:\users\denis\source\repos\project2\project2\source.cpp(713): warning C4244: аргумент: преобразование "double" в "int", возможна потеря данных
c:\users\denis\source\repos\project2\project2\source.cpp(714): warning C4244: аргумент: преобразование "double" в "DWORD", возможна потеря данных
c:\users\denis\source\repos\project2\project2\source.cpp(716): warning C4244: аргумент: преобразование "double" в "DWORD", возможна потеря данных
c:\users\denis\source\repos\project2\project2\source.cpp(717): warning C4244: аргумент: преобразование "double" в "int", возможна потеря данных
c:\users\denis\source\repos\project2\project2\source.cpp(721): warning C4244: аргумент: преобразование "double" в "DWORD", возможна потеря данных
c:\users\denis\source\repos\project2\project2\source.cpp(728): warning C4244: аргумент: преобразование "double" в "DWORD", возможна потеря данных
c:\users\denis\source\repos\project2\project2\source.cpp(738): warning C4244: аргумент: преобразование "double" в "DWORD", возможна потеря данных
c:\users\denis\source\repos\project2\project2\source.cpp(490): warning C4102: n: неиспользованная метка
c:\users\denis\source\repos\project2\project2\source.cpp(223): warning C4101: answer: неиспользованная локальная переменная
c:\users\denis\source\repos\project2\project2\source.cpp(301): warning C4101: res1: неиспользованная локальная переменная
c:\users\denis\source\repos\project2\project2\source.cpp(421): warning C4101: NN: неиспользованная локальная переменная
c:\users\denis\source\repos\project2\project2\source.cpp(487): warning C4101: res1: неиспользованная локальная переменная
c:\users\denis\source\repos\project2\project2\source.cpp(684): warning C4101: res1: неиспользованная локальная переменная
  Создание кода
  3 of 287 functions ( 1.0%) were compiled, the rest were copied from previous compilation.
    0 functions were new in current compilation
    11 functions had inline decision re-evaluated but remain unchanged
  Создание кода завершено
  Project2.vcxproj -> C:\Users\denis\source\repos\Project2\x64\Release\Project2.exe
