  Source.cpp
c:\users\denis\source\repos\project2\project2\source.cpp(220): warning C4244: аргумент: преобразование "time_t" в "unsigned int", возможна потеря данных
c:\users\denis\source\repos\project2\project2\source.cpp(347): warning C4244: аргумент: преобразование "double" в "int", возможна потеря данных
c:\users\denis\source\repos\project2\project2\source.cpp(379): warning C4244: аргумент: преобразование "double" в "int", возможна потеря данных
c:\users\denis\source\repos\project2\project2\source.cpp(389): warning C4244: аргумент: преобразование "double" в "int", возможна потеря данных
c:\users\denis\source\repos\project2\project2\source.cpp(398): warning C4244: аргумент: преобразование "double" в "int", возможна потеря данных
c:\users\denis\source\repos\project2\project2\source.cpp(433): warning C4244: аргумент: преобразование "double" в "int", возможна потеря данных
c:\users\denis\source\repos\project2\project2\source.cpp(456): warning C4244: аргумент: преобразование "double" в "int", возможна потеря данных
c:\users\denis\source\repos\project2\project2\source.cpp(466): warning C4244: аргумент: преобразование "double" в "int", возможна потеря данных
c:\users\denis\source\repos\project2\project2\source.cpp(503): warning C4244: аргумент: преобразование "double" в "int", возможна потеря данных
c:\users\denis\source\repos\project2\project2\source.cpp(559): warning C4244: аргумент: преобразование "double" в "int", возможна потеря данных
c:\users\denis\source\repos\project2\project2\source.cpp(222): warning C4101: answer: неиспользованная локальная переменная
Source.obj : error LNK2019: ёё√ыър эр эхЁрчЁх°хээ√щ тэх°эшщ ёшьтюы "void __cdecl cv::fastFree(void *)" (?fastFree@cv@@YAXPAX@Z) т ЇєэъЎшш "public: __thiscall cv::Mat::~Mat(void)" (??1Mat@cv@@QAE@XZ)
Source.obj : error LNK2019: ёё√ыър эр эхЁрчЁх°хээ√щ тэх°эшщ ёшьтюы "private: char * __thiscall cv::String::allocate(unsigned int)" (?allocate@String@cv@@AAEPADI@Z) т ЇєэъЎшш "public: __thiscall cv::String::String(char const *)" (??0String@cv@@QAE@PBD@Z)
Source.obj : error LNK2019: ёё√ыър эр эхЁрчЁх°хээ√щ тэх°эшщ ёшьтюы "private: void __thiscall cv::String::deallocate(void)" (?deallocate@String@cv@@AAEXXZ) т ЇєэъЎшш "public: __thiscall cv::String::~String(void)" (??1String@cv@@QAE@XZ)
Source.obj : error LNK2019: ёё√ыър эр эхЁрчЁх°хээ√щ тэх°эшщ ёшьтюы "void __cdecl cv::error(int,class cv::String const &,char const *,char const *,int)" (?error@cv@@YAXHABVString@1@PBD1H@Z) т ЇєэъЎшш "public: __thiscall cv::Mat::Mat(class cv::Mat &&)" (??0Mat@cv@@QAE@$$QAV01@@Z)
Source.obj : error LNK2019: ёё√ыър эр эхЁрчЁх°хээ√щ тэх°эшщ ёшьтюы "public: void __thiscall cv::Mat::create(int,int const *,int)" (?create@Mat@cv@@QAEXHPBHH@Z) т ЇєэъЎшш "public: void __thiscall cv::Mat::create(int,int,int)" (?create@Mat@cv@@QAEXHHH@Z)
Source.obj : error LNK2019: ёё√ыър эр эхЁрчЁх°хээ√щ тэх°эшщ ёшьтюы "public: void __thiscall cv::Mat::deallocate(void)" (?deallocate@Mat@cv@@QAEXXZ) т ЇєэъЎшш "public: void __thiscall cv::Mat::release(void)" (?release@Mat@cv@@QAEXXZ)
Source.obj : error LNK2019: ёё√ыър эр эхЁрчЁх°хээ√щ тэх°эшщ ёшьтюы _cvCreateImage т ЇєэъЎшш _main
Source.obj : error LNK2019: ёё√ыър эр эхЁрчЁх°хээ√щ тэх°эшщ ёшьтюы _cvMinMaxLoc т ЇєэъЎшш _main
Source.obj : error LNK2019: ёё√ыър эр эхЁрчЁх°хээ√щ тэх°эшщ ёшьтюы "bool __cdecl cv::imwrite(class cv::String const &,class cv::_InputArray const &,class std::vector<int,class std::allocator<int> > const &)" (?imwrite@cv@@YA_NABVString@1@ABV_InputArray@1@ABV?$vector@HV?$allocator@H@std@@@std@@@Z) т ЇєэъЎшш _main
Source.obj : error LNK2019: ёё√ыър эр эхЁрчЁх°хээ√щ тэх°эшщ ёшьтюы _cvMatchTemplate т ЇєэъЎшш _main
Source.obj : error LNK2019: ёё√ыър эр эхЁрчЁх°хээ√щ тэх°эшщ ёшьтюы _cvLoadImage т ЇєэъЎшш _main
C:\opencv\build\x64\vc14\lib\opencv_world320.lib : warning LNK4272: Єшя ъюья№■ЄхЁр сшсышюЄхъш "x64" ъюэЇышъЄєхЄ ё Єшяюь Ўхыхтюую ъюья№■ЄхЁр "x86"
C:\opencv\build\x64\vc14\lib\opencv_world320d.lib : warning LNK4272: Єшя ъюья№■ЄхЁр сшсышюЄхъш "x64" ъюэЇышъЄєхЄ ё Єшяюь Ўхыхтюую ъюья№■ЄхЁр "x86"
C:\Users\denis\source\repos\Project2\Debug\Project2.exe : fatal error LNK1120: эхЁрчЁх°хээ√ї тэх°эшї ¤ыхьхэЄют: 11
